#
# There is insufficient memory for the Java Runtime Environment to continue.
# Native memory allocation (malloc) failed to allocate 2097152 bytes for AllocateHeap
# Possible reasons:
#   The system is out of physical RAM or swap space
#   The process is running with CompressedOops enabled, and the Java Heap may be blocking the growth of the native heap
# Possible solutions:
#   Reduce memory load on the system
#   Increase physical memory or swap space
#   Check if swap backing store is full
#   Decrease Java heap size (-Xmx/-Xms)
#   Decrease number of Java threads
#   Decrease Java thread stack sizes (-Xss)
#   Set larger code cache with -XX:ReservedCodeCacheSize=
#   JVM is running with Unscaled Compressed Oops mode in which the Java heap is
#     placed in the first 4GB address space. The Java Heap base address is the
#     maximum limit for the native heap growth. Please use -XX:HeapBaseMinAddress
#     to set the Java Heap base and to place the Java Heap above 4GB virtual address.
# This output file may be truncated or incomplete.
#
#  Out of Memory Error (allocation.cpp:44), pid=6976, tid=9320
#
# JRE version: OpenJDK Runtime Environment Temurin-17.0.6+10 (17.0.6+10) (build 17.0.6+10)
# Java VM: OpenJDK 64-Bit Server VM Temurin-17.0.6+10 (17.0.6+10, mixed mode, emulated-client, tiered, compressed oops, compressed class ptrs, g1 gc, windows-amd64)
# No core dump will be written. Minidumps are not enabled by default on client versions of Windows
#

---------------  S U M M A R Y ------------

Command Line: -Dcom.sun.management.jmxremote -Dcom.sun.management.jmxremote.port=64216 -Dcom.sun.management.jmxremote.authenticate=false -Dcom.sun.management.jmxremote.ssl=false -Djava.rmi.server.hostname=localhost -Dspring.jmx.enabled=true -Dmanagement.endpoints.jmx.exposure.include=* -Dspring.application.admin.enabled=true -XX:TieredStopAtLevel=1 -Dspring.boot.project.name=gestioneprenotazioni -Dfile.encoding=UTF-8 -XX:+ShowCodeDetailsInExceptionMessages com.palma.gestioneprenotazioni.GestioneprenotazioniApplication --spring.output.ansi.enabled=always

Host: Intel(R) Core(TM) i7-8550U CPU @ 1.80GHz, 8 cores, 7G,  Windows 10 , 64 bit Build 19041 (10.0.19041.2788)
Time: Tue Apr 18 16:48:46 2023 ora legale Europa occidentale elapsed time: 1233.521931 seconds (0d 0h 20m 33s)

---------------  T H R E A D  ---------------

Current thread (0x0000017a4c2f1860):  VMThread "VM Thread" [stack: 0x0000003fbef00000,0x0000003fbf000000] [id=9320]

Stack: [0x0000003fbef00000,0x0000003fbf000000]
Native frames: (J=compiled Java code, j=interpreted, Vv=VM code, C=native code)
V  [jvm.dll+0x67741a]
V  [jvm.dll+0x834434]
V  [jvm.dll+0x835bde]
V  [jvm.dll+0x836243]
V  [jvm.dll+0x2457b5]
V  [jvm.dll+0xa626f]
V  [jvm.dll+0x2f5b61]
V  [jvm.dll+0x2f17e0]
V  [jvm.dll+0x2d9ee7]
V  [jvm.dll+0x31ce67]
V  [jvm.dll+0x83a6eb]
V  [jvm.dll+0x83b424]
V  [jvm.dll+0x83b93c]
V  [jvm.dll+0x83bd14]
V  [jvm.dll+0x83bde0]
V  [jvm.dll+0x7e483a]
V  [jvm.dll+0x6762c5]
C  [ucrtbase.dll+0x21bb2]
C  [KERNEL32.DLL+0x17604]
C  [ntdll.dll+0x526a1]

VM_Operation (0x0000003fbf9fee20): G1CollectFull, mode: safepoint, requested by thread 0x0000017a5130e710


---------------  P R O C E S S  ---------------

Threads class SMR info:
_java_thread_list=0x0000017a4ebad7e0, length=19, elements={
0x0000017a4cc12010, 0x0000017a4cc13da0, 0x0000017a4c306a10, 0x0000017a4c307430,
0x0000017a4cc36030, 0x0000017a4cc368f0, 0x0000017a4cc426c0, 0x0000017a4cc42fc0,
0x0000017a4c27d550, 0x0000017a4ce03410, 0x0000017a4d5592d0, 0x0000017a4d4c8030,
0x0000017a4d549f00, 0x0000017a4d5f3f80, 0x0000017a4d5fa540, 0x0000017a4d620fc0,
0x0000017a5130c090, 0x0000017a5130b6f0, 0x0000017a5130e710
}

Java Threads: ( => current thread )
  0x0000017a4cc12010 JavaThread "Reference Handler" daemon [_thread_blocked, id=14680, stack(0x0000003fbf000000,0x0000003fbf100000)]
  0x0000017a4cc13da0 JavaThread "Finalizer" daemon [_thread_blocked, id=13896, stack(0x0000003fbf100000,0x0000003fbf200000)]
  0x0000017a4c306a10 JavaThread "Signal Dispatcher" daemon [_thread_blocked, id=9788, stack(0x0000003fbf200000,0x0000003fbf300000)]
  0x0000017a4c307430 JavaThread "Attach Listener" daemon [_thread_blocked, id=9512, stack(0x0000003fbf300000,0x0000003fbf400000)]
  0x0000017a4cc36030 JavaThread "Service Thread" daemon [_thread_blocked, id=14356, stack(0x0000003fbf400000,0x0000003fbf500000)]
  0x0000017a4cc368f0 JavaThread "Monitor Deflation Thread" daemon [_thread_blocked, id=12924, stack(0x0000003fbf500000,0x0000003fbf600000)]
  0x0000017a4cc426c0 JavaThread "C1 CompilerThread0" daemon [_thread_blocked, id=2720, stack(0x0000003fbf600000,0x0000003fbf700000)]
  0x0000017a4cc42fc0 JavaThread "Sweeper thread" daemon [_thread_blocked, id=4184, stack(0x0000003fbf700000,0x0000003fbf800000)]
  0x0000017a4c27d550 JavaThread "Common-Cleaner" daemon [_thread_blocked, id=8684, stack(0x0000003fbf800000,0x0000003fbf900000)]
  0x0000017a4ce03410 JavaThread "Notification Thread" daemon [_thread_blocked, id=11524, stack(0x0000003fbfb00000,0x0000003fbfc00000)]
  0x0000017a4d5592d0 JavaThread "RMI TCP Accept-0" daemon [_thread_in_native, id=14008, stack(0x0000003fbfc00000,0x0000003fbfd00000)]
  0x0000017a4d4c8030 JavaThread "RMI TCP Accept-64216" daemon [_thread_in_native, id=9660, stack(0x0000003fbfd00000,0x0000003fbfe00000)]
  0x0000017a4d549f00 JavaThread "RMI TCP Accept-0" daemon [_thread_in_native, id=13920, stack(0x0000003fbfe00000,0x0000003fbff00000)]
  0x0000017a4d5f3f80 JavaThread "RMI Scheduler(0)" daemon [_thread_blocked, id=8312, stack(0x0000003fc0100000,0x0000003fc0200000)]
  0x0000017a4d5fa540 JavaThread "RMI TCP Connection(idle)" daemon [_thread_blocked, id=14928, stack(0x0000003fc0200000,0x0000003fc0300000)]
  0x0000017a4d620fc0 JavaThread "JMX server connection timeout 22" daemon [_thread_blocked, id=11912, stack(0x0000003fc0300000,0x0000003fc0400000)]
  0x0000017a5130c090 JavaThread "Live Reload Server" daemon [_thread_in_native, id=14464, stack(0x0000003fc1900000,0x0000003fc1a00000)]
  0x0000017a5130b6f0 JavaThread "DestroyJavaVM" [_thread_blocked, id=14352, stack(0x0000003fbe900000,0x0000003fbea00000)]
  0x0000017a5130e710 JavaThread "Thread-19" [_thread_blocked, id=5380, stack(0x0000003fbf900000,0x0000003fbfa00000)]

Other Threads:
=>0x0000017a4c2f1860 VMThread "VM Thread" [stack: 0x0000003fbef00000,0x0000003fbf000000] [id=9320]
  0x0000017a3e590ea0 WatcherThread [stack: 0x0000003fbff00000,0x0000003fc0000000] [id=4836]
  0x0000017a3e574590 GCTaskThread "GC Thread#0" [stack: 0x0000003fbea00000,0x0000003fbeb00000] [id=5060]
  0x0000017a4e7566f0 GCTaskThread "GC Thread#1" [stack: 0x0000003fc0400000,0x0000003fc0500000] [id=11356]
  0x0000017a4e7569a0 GCTaskThread "GC Thread#2" [stack: 0x0000003fc0500000,0x0000003fc0600000] [id=5888]
  0x0000017a4d91cea0 GCTaskThread "GC Thread#3" [stack: 0x0000003fc0600000,0x0000003fc0700000] [id=6948]
  0x0000017a4d91d150 GCTaskThread "GC Thread#4" [stack: 0x0000003fc0700000,0x0000003fc0800000] [id=11168]
  0x0000017a4d91d400 GCTaskThread "GC Thread#5" [stack: 0x0000003fc0800000,0x0000003fc0900000] [id=9872]
  0x0000017a4d91d6b0 GCTaskThread "GC Thread#6" [stack: 0x0000003fc0900000,0x0000003fc0a00000] [id=5080]
  0x0000017a4d91db70 GCTaskThread "GC Thread#7" [stack: 0x0000003fc0a00000,0x0000003fc0b00000] [id=12232]
  0x0000017a3e5857c0 ConcurrentGCThread "G1 Main Marker" [stack: 0x0000003fbeb00000,0x0000003fbec00000] [id=7732]
  0x0000017a3e5860e0 ConcurrentGCThread "G1 Conc#0" [stack: 0x0000003fbec00000,0x0000003fbed00000] [id=12728]
  0x0000017a4e9afb90 ConcurrentGCThread "G1 Conc#1" [stack: 0x0000003fc1000000,0x0000003fc1100000] [id=1536]
  0x0000017a3e5dd340 ConcurrentGCThread "G1 Refine#0" [stack: 0x0000003fbed00000,0x0000003fbee00000] [id=15224]
  0x0000017a4cf97560 ConcurrentGCThread "G1 Refine#1" [stack: 0x0000003fc0b00000,0x0000003fc0c00000] [id=10276]
  0x0000017a4cf97840 ConcurrentGCThread "G1 Refine#2" [stack: 0x0000003fc0c00000,0x0000003fc0d00000] [id=9292]
  0x0000017a3e5ddc70 ConcurrentGCThread "G1 Service" [stack: 0x0000003fbee00000,0x0000003fbef00000] [id=13684]

Threads with active compile tasks:
C1 CompilerThread0  1233557 8544   !   1       java.nio.DirectByteBuffer::put (37 bytes)

VM state: at safepoint (normal execution)

VM Mutex/Monitor currently owned by a thread:  ([mutex/lock_event])
[0x0000017a3e5152b0] Threads_lock - owner thread: 0x0000017a4c2f1860
[0x0000017a3e513840] Heap_lock - owner thread: 0x0000017a5130e710

Heap address: 0x0000000081e00000, size: 2018 MB, Compressed Oops mode: 32-bit

CDS archive(s) not mapped
Compressed class space mapped at: 0x0000000100000000-0x0000000140000000, reserved size: 1073741824
Narrow klass base: 0x0000000000000000, Narrow klass shift: 3, Narrow klass range: 0x140000000

GC Precious Log:
 CPUs: 8 total, 8 available
 Memory: 8071M
 Large Page Support: Disabled
 NUMA Support: Disabled
 Compressed Oops: Enabled (32-bit)
 Heap Region Size: 1M
 Heap Min Capacity: 8M
 Heap Initial Capacity: 128M
 Heap Max Capacity: 2018M
 Pre-touch: Disabled
 Parallel Workers: 8
 Concurrent Workers: 2
 Concurrent Refinement Workers: 8
 Periodic GC: Disabled

Heap:
 garbage-first heap   total 61440K, used 36931K [0x0000000081e00000, 0x0000000100000000)
  region size 1024K, 12 young (12288K), 3 survivors (3072K)
 Metaspace       used 70405K, committed 70976K, reserved 1114112K
  class space    used 9602K, committed 9856K, reserved 1048576K

Heap Regions: E=young(eden), S=young(survivor), O=old, HS=humongous(starts), HC=humongous(continues), CS=collection set, F=free, OA=open archive, CA=closed archive, TAMS=top-at-mark-start (previous, next)
|   0|0x0000000081e00000, 0x0000000081f00000, 0x0000000081f00000|100%|HS|  |TAMS 0x0000000081f00000, 0x0000000081e00000| Untracked 
|   1|0x0000000081f00000, 0x0000000082000000, 0x0000000082000000|100%| O|  |TAMS 0x0000000082000000, 0x0000000081f00000| Untracked 
|   2|0x0000000082000000, 0x00000000820ffff8, 0x0000000082100000| 99%| O|  |TAMS 0x00000000820ffff8, 0x0000000082000000| Untracked 
|   3|0x0000000082100000, 0x00000000821fffa8, 0x0000000082200000| 99%| O|  |TAMS 0x00000000821fffa8, 0x0000000082100000| Untracked 
|   4|0x0000000082200000, 0x0000000082300000, 0x0000000082300000|100%| O|  |TAMS 0x0000000082300000, 0x0000000082200000| Untracked 
|   5|0x0000000082300000, 0x00000000823ff558, 0x0000000082400000| 99%| O|  |TAMS 0x00000000823ff558, 0x0000000082300000| Untracked 
|   6|0x0000000082400000, 0x00000000824ffff8, 0x0000000082500000| 99%| O|  |TAMS 0x00000000824ffff8, 0x0000000082400000| Untracked 
|   7|0x0000000082500000, 0x00000000825ffff0, 0x0000000082600000| 99%| O|  |TAMS 0x0000000082500000, 0x0000000082500000| Untracked 
|   8|0x0000000082600000, 0x00000000826fffa8, 0x0000000082700000| 99%| O|  |TAMS 0x00000000826fffa8, 0x0000000082600000| Untracked 
|   9|0x0000000082700000, 0x00000000827fc890, 0x0000000082800000| 98%| O|  |TAMS 0x00000000827fc890, 0x0000000082700000| Untracked 
|  10|0x0000000082800000, 0x00000000828ffff8, 0x0000000082900000| 99%| O|  |TAMS 0x00000000828ffff8, 0x0000000082800000| Untracked 
|  11|0x0000000082900000, 0x0000000082a00000, 0x0000000082a00000|100%| O|  |TAMS 0x0000000082a00000, 0x0000000082900000| Untracked 
|  12|0x0000000082a00000, 0x0000000082affff8, 0x0000000082b00000| 99%| O|  |TAMS 0x0000000082affff8, 0x0000000082a00000| Untracked 
|  13|0x0000000082b00000, 0x0000000082bfff88, 0x0000000082c00000| 99%| O|  |TAMS 0x0000000082bfff88, 0x0000000082b00000| Untracked 
|  14|0x0000000082c00000, 0x0000000082cffff0, 0x0000000082d00000| 99%| O|  |TAMS 0x0000000082cffff0, 0x0000000082c00000| Untracked 
|  15|0x0000000082d00000, 0x0000000082dfffe0, 0x0000000082e00000| 99%| O|  |TAMS 0x0000000082d00000, 0x0000000082d00000| Untracked 
|  16|0x0000000082e00000, 0x0000000082effff8, 0x0000000082f00000| 99%| O|  |TAMS 0x0000000082effff8, 0x0000000082e00000| Untracked 
|  17|0x0000000082f00000, 0x0000000082ff3678, 0x0000000083000000| 95%| O|  |TAMS 0x0000000082f00000, 0x0000000082f00000| Untracked 
|  18|0x0000000083000000, 0x00000000830f3e88, 0x0000000083100000| 95%| O|  |TAMS 0x0000000083000000, 0x0000000083000000| Untracked 
|  19|0x0000000083100000, 0x0000000083200000, 0x0000000083200000|100%| O|  |TAMS 0x0000000083100000, 0x0000000083100000| Untracked 
|  20|0x0000000083200000, 0x0000000083300000, 0x0000000083300000|100%| O|  |TAMS 0x0000000083200000, 0x0000000083200000| Untracked 
|  21|0x0000000083300000, 0x0000000083400000, 0x0000000083400000|100%| O|  |TAMS 0x0000000083300000, 0x0000000083300000| Untracked 
|  22|0x0000000083400000, 0x000000008348b348, 0x0000000083500000| 54%| O|  |TAMS 0x0000000083400000, 0x0000000083400000| Untracked 
|  23|0x0000000083500000, 0x0000000083600000, 0x0000000083600000|100%| O|  |TAMS 0x0000000083500000, 0x0000000083500000| Untracked 
|  24|0x0000000083600000, 0x00000000836c5200, 0x0000000083700000| 77%| O|  |TAMS 0x0000000083600000, 0x0000000083600000| Untracked 
|  25|0x0000000083700000, 0x0000000083700000, 0x0000000083800000|  0%| F|  |TAMS 0x0000000083700000, 0x0000000083700000| Untracked 
|  26|0x0000000083800000, 0x000000008385d950, 0x0000000083900000| 36%| O|  |TAMS 0x0000000083800000, 0x0000000083800000| Untracked 
|  27|0x0000000083900000, 0x0000000083900000, 0x0000000083a00000|  0%| F|  |TAMS 0x0000000083900000, 0x0000000083900000| Untracked 
|  28|0x0000000083a00000, 0x0000000083a7fef0, 0x0000000083b00000| 49%| O|  |TAMS 0x0000000083a00000, 0x0000000083a00000| Untracked 
|  29|0x0000000083b00000, 0x0000000083b00000, 0x0000000083c00000|  0%| F|  |TAMS 0x0000000083b00000, 0x0000000083b00000| Untracked 
|  30|0x0000000083c00000, 0x0000000083c00000, 0x0000000083d00000|  0%| F|  |TAMS 0x0000000083c00000, 0x0000000083c00000| Untracked 
|  31|0x0000000083d00000, 0x0000000083d00000, 0x0000000083e00000|  0%| F|  |TAMS 0x0000000083d00000, 0x0000000083d00000| Untracked 
|  32|0x0000000083e00000, 0x0000000083e00000, 0x0000000083f00000|  0%| F|  |TAMS 0x0000000083e00000, 0x0000000083e00000| Untracked 
|  33|0x0000000083f00000, 0x0000000084000000, 0x0000000084000000|100%| S|CS|TAMS 0x0000000083f00000, 0x0000000083f00000| Complete 
|  34|0x0000000084000000, 0x0000000084000000, 0x0000000084100000|  0%| F|  |TAMS 0x0000000084000000, 0x0000000084000000| Untracked 
|  35|0x0000000084100000, 0x0000000084100000, 0x0000000084200000|  0%| F|  |TAMS 0x0000000084100000, 0x0000000084100000| Untracked 
|  36|0x0000000084200000, 0x0000000084200000, 0x0000000084300000|  0%| F|  |TAMS 0x0000000084200000, 0x0000000084200000| Untracked 
|  37|0x0000000084300000, 0x0000000084400000, 0x0000000084400000|100%| S|CS|TAMS 0x0000000084300000, 0x0000000084300000| Complete 
|  38|0x0000000084400000, 0x0000000084500000, 0x0000000084500000|100%| S|CS|TAMS 0x0000000084400000, 0x0000000084400000| Complete 
|  39|0x0000000084500000, 0x0000000084500000, 0x0000000084600000|  0%| F|  |TAMS 0x0000000084500000, 0x0000000084500000| Untracked 
|  40|0x0000000084600000, 0x0000000084600000, 0x0000000084700000|  0%| F|  |TAMS 0x0000000084600000, 0x0000000084600000| Untracked 
|  41|0x0000000084700000, 0x0000000084700000, 0x0000000084800000|  0%| F|  |TAMS 0x0000000084700000, 0x0000000084700000| Untracked 
|  42|0x0000000084800000, 0x0000000084800000, 0x0000000084900000|  0%| F|  |TAMS 0x0000000084800000, 0x0000000084800000| Untracked 
|  43|0x0000000084900000, 0x0000000084900000, 0x0000000084a00000|  0%| F|  |TAMS 0x0000000084900000, 0x0000000084900000| Untracked 
|  44|0x0000000084a00000, 0x0000000084a00000, 0x0000000084b00000|  0%| F|  |TAMS 0x0000000084a00000, 0x0000000084a00000| Untracked 
|  45|0x0000000084b00000, 0x0000000084b00000, 0x0000000084c00000|  0%| F|  |TAMS 0x0000000084b00000, 0x0000000084b00000| Untracked 
|  46|0x0000000084c00000, 0x0000000084c00000, 0x0000000084d00000|  0%| F|  |TAMS 0x0000000084c00000, 0x0000000084c00000| Untracked 
|  47|0x0000000084d00000, 0x0000000084d00000, 0x0000000084e00000|  0%| F|  |TAMS 0x0000000084d00000, 0x0000000084d00000| Untracked 
|  48|0x0000000084e00000, 0x0000000084e00000, 0x0000000084f00000|  0%| F|  |TAMS 0x0000000084e00000, 0x0000000084e00000| Untracked 
|  49|0x0000000084f00000, 0x0000000084f00000, 0x0000000085000000|  0%| F|  |TAMS 0x0000000084f00000, 0x0000000084f00000| Untracked 
|  50|0x0000000085000000, 0x0000000085000000, 0x0000000085100000|  0%| F|  |TAMS 0x0000000085000000, 0x0000000085000000| Untracked 
|  51|0x0000000085100000, 0x00000000851b9270, 0x0000000085200000| 72%| E|  |TAMS 0x0000000085100000, 0x0000000085100000| Complete 
|  52|0x0000000085200000, 0x0000000085300000, 0x0000000085300000|100%| E|CS|TAMS 0x0000000085200000, 0x0000000085200000| Complete 
|  53|0x0000000085300000, 0x0000000085400000, 0x0000000085400000|100%| E|CS|TAMS 0x0000000085300000, 0x0000000085300000| Complete 
|  54|0x0000000085400000, 0x0000000085500000, 0x0000000085500000|100%| E|CS|TAMS 0x0000000085400000, 0x0000000085400000| Complete 
|  55|0x0000000085500000, 0x0000000085600000, 0x0000000085600000|100%| E|CS|TAMS 0x0000000085500000, 0x0000000085500000| Complete 
|  56|0x0000000085600000, 0x0000000085700000, 0x0000000085700000|100%| E|CS|TAMS 0x0000000085600000, 0x0000000085600000| Complete 
|  57|0x0000000085700000, 0x0000000085800000, 0x0000000085800000|100%| E|CS|TAMS 0x0000000085700000, 0x0000000085700000| Complete 
| 122|0x0000000089800000, 0x0000000089900000, 0x0000000089900000|100%| E|CS|TAMS 0x0000000089800000, 0x0000000089800000| Complete 
| 127|0x0000000089d00000, 0x0000000089e00000, 0x0000000089e00000|100%| E|CS|TAMS 0x0000000089d00000, 0x0000000089d00000| Complete 

Card table byte_map: [0x0000017a450e0000,0x0000017a454e0000] _byte_map_base: 0x0000017a44cd1000

Marking Bits (Prev, Next): (CMBitMap*) 0x0000017a3e574ab0, (CMBitMap*) 0x0000017a3e574af0
 Prev Bits: [0x0000017a458e0000, 0x0000017a47868000)
 Next Bits: [0x0000017a47870000, 0x0000017a497f8000)

Polling page: 0x0000017a3c4c0000

Metaspace:

Usage:
  Non-class:     59.38 MB used.
      Class:      9.38 MB used.
       Both:     68.76 MB used.

Virtual space:
  Non-class space:       64.00 MB reserved,      59.69 MB ( 93%) committed,  8 nodes.
      Class space:        1.00 GB reserved,       9.62 MB ( <1%) committed,  1 nodes.
             Both:        1.06 GB reserved,      69.31 MB (  6%) committed. 

Chunk freelists:
   Non-Class:  3.72 MB
       Class:  2.26 MB
        Both:  5.98 MB

MaxMetaspaceSize: unlimited
CompressedClassSpaceSize: 1.00 GB
Initial GC threshold: 21.00 MB
Current GC threshold: 114.69 MB
CDS: off
MetaspaceReclaimPolicy: balanced
 - commit_granule_bytes: 65536.
 - commit_granule_words: 8192.
 - virtual_space_node_default_size: 1048576.
 - enlarge_chunks_in_place: 1.
 - new_chunks_are_fully_committed: 0.
 - uncommit_free_chunks: 1.
 - use_allocation_guard: 0.
 - handle_deallocations: 1.


Internal statistics:

num_allocs_failed_limit: 9.
num_arena_births: 928.
num_arena_deaths: 326.
num_vsnodes_births: 9.
num_vsnodes_deaths: 0.
num_space_committed: 1109.
num_space_uncommitted: 0.
num_chunks_returned_to_freelist: 399.
num_chunks_taken_from_freelist: 3412.
num_chunk_merges: 132.
num_chunk_splits: 2254.
num_chunks_enlarged: 1685.
num_purges: 12.
num_inconsistent_stats: 0.

CodeCache: size=49152Kb used=14687Kb max_used=15777Kb free=34464Kb
 bounds [0x0000017a41bd0000, 0x0000017a42b40000, 0x0000017a44bd0000]
 total_blobs=9190 nmethods=8544 adapters=572
 compilation: enabled
              stopped_count=0, restarted_count=0
 full_count=0

Compilation events (20 events):
Event: 1233.511 Thread 0x0000017a4cc426c0 8534       1       org.apache.tomcat.util.threads.ThreadPoolExecutor::runStateAtLeast (11 bytes)
Event: 1233.511 Thread 0x0000017a4cc426c0 nmethod 8534 0x0000017a42a08e10 code [0x0000017a42a08fa0, 0x0000017a42a09058]
Event: 1233.513 Thread 0x0000017a4cc426c0 8535       1       org.springframework.beans.factory.support.DefaultListableBeanFactory::destroySingleton (15 bytes)
Event: 1233.513 Thread 0x0000017a4cc426c0 nmethod 8535 0x0000017a42a08710 code [0x0000017a42a08900, 0x0000017a42a08bd8]
Event: 1233.513 Thread 0x0000017a4cc426c0 8536   !   1       org.springframework.beans.factory.support.DefaultSingletonBeanRegistry::destroySingleton (45 bytes)
Event: 1233.513 Thread 0x0000017a4cc426c0 nmethod 8536 0x0000017a42a08110 code [0x0000017a42a082e0, 0x0000017a42a08568]
Event: 1233.513 Thread 0x0000017a4cc426c0 8537   !   1       org.springframework.beans.factory.support.AbstractAutowireCapableBeanFactory::removeSingleton (34 bytes)
Event: 1233.513 Thread 0x0000017a4cc426c0 nmethod 8537 0x0000017a42a07990 code [0x0000017a42a07b60, 0x0000017a42a07ea8]
Event: 1233.513 Thread 0x0000017a4cc426c0 8538   !   1       org.springframework.beans.factory.support.FactoryBeanRegistrySupport::removeSingleton (34 bytes)
Event: 1233.514 Thread 0x0000017a4cc426c0 nmethod 8538 0x0000017a42a07490 code [0x0000017a42a07640, 0x0000017a42a07838]
Event: 1233.514 Thread 0x0000017a4cc426c0 8539   !   1       org.springframework.beans.factory.support.DefaultSingletonBeanRegistry::removeSingleton (62 bytes)
Event: 1233.514 Thread 0x0000017a4cc426c0 nmethod 8539 0x0000017a42a06e90 code [0x0000017a42a07060, 0x0000017a42a072b8]
Event: 1233.514 Thread 0x0000017a4cc426c0 8540       1       org.postgresql.core.PGStream::setNetworkTimeout (25 bytes)
Event: 1233.514 Thread 0x0000017a4cc426c0 nmethod 8540 0x0000017a42a06b10 code [0x0000017a42a06ca0, 0x0000017a42a06dc8]
Event: 1233.515 Thread 0x0000017a4cc426c0 8541       1       sun.net.ext.ExtendedSocketOptions::isOptionSupported (11 bytes)
Event: 1233.515 Thread 0x0000017a4cc426c0 nmethod 8541 0x0000017a42a06810 code [0x0000017a42a069a0, 0x0000017a42a06a88]
Event: 1233.515 Thread 0x0000017a4cc426c0 8542       1       sun.nio.ch.SocketOptionRegistry::findOption (23 bytes)
Event: 1233.515 Thread 0x0000017a4cc426c0 nmethod 8542 0x0000017a42a05f10 code [0x0000017a42a060c0, 0x0000017a42a062e8]
Event: 1233.515 Thread 0x0000017a4cc426c0 8544   !   1       java.nio.DirectByteBuffer::put (37 bytes)
Event: 1233.516 Thread 0x0000017a4cc426c0 nmethod 8544 0x0000017a42a05790 code [0x0000017a42a05960, 0x0000017a42a05c28]

GC Heap History (20 events):
Event: 391.162 GC heap before
{Heap before GC invocations=30 (full 3):
 garbage-first heap   total 61440K, used 43844K [0x0000000081e00000, 0x0000000100000000)
  region size 1024K, 21 young (21504K), 0 survivors (0K)
 Metaspace       used 69600K, committed 70144K, reserved 1114112K
  class space    used 9522K, committed 9792K, reserved 1048576K
}
Event: 391.163 GC heap after
{Heap after GC invocations=31 (full 3):
 garbage-first heap   total 61440K, used 25412K [0x0000000081e00000, 0x0000000100000000)
  region size 1024K, 2 young (2048K), 2 survivors (2048K)
 Metaspace       used 69600K, committed 70144K, reserved 1114112K
  class space    used 9522K, committed 9792K, reserved 1048576K
}
Event: 391.433 GC heap before
{Heap before GC invocations=31 (full 3):
 garbage-first heap   total 61440K, used 45892K [0x0000000081e00000, 0x0000000100000000)
  region size 1024K, 22 young (22528K), 2 survivors (2048K)
 Metaspace       used 69715K, committed 70272K, reserved 1114112K
  class space    used 9538K, committed 9792K, reserved 1048576K
}
Event: 391.435 GC heap after
{Heap after GC invocations=32 (full 3):
 garbage-first heap   total 61440K, used 26845K [0x0000000081e00000, 0x0000000100000000)
  region size 1024K, 2 young (2048K), 2 survivors (2048K)
 Metaspace       used 69715K, committed 70272K, reserved 1114112K
  class space    used 9538K, committed 9792K, reserved 1048576K
}
Event: 391.710 GC heap before
{Heap before GC invocations=32 (full 3):
 garbage-first heap   total 61440K, used 46301K [0x0000000081e00000, 0x0000000100000000)
  region size 1024K, 21 young (21504K), 2 survivors (2048K)
 Metaspace       used 69972K, committed 70464K, reserved 1114112K
  class space    used 9558K, committed 9792K, reserved 1048576K
}
Event: 391.713 GC heap after
{Heap after GC invocations=33 (full 3):
 garbage-first heap   total 61440K, used 28361K [0x0000000081e00000, 0x0000000100000000)
  region size 1024K, 2 young (2048K), 2 survivors (2048K)
 Metaspace       used 69972K, committed 70464K, reserved 1114112K
  class space    used 9558K, committed 9792K, reserved 1048576K
}
Event: 530.811 GC heap before
{Heap before GC invocations=34 (full 3):
 garbage-first heap   total 61440K, used 45769K [0x0000000081e00000, 0x0000000100000000)
  region size 1024K, 19 young (19456K), 2 survivors (2048K)
 Metaspace       used 69990K, committed 70528K, reserved 1114112K
  class space    used 9560K, committed 9792K, reserved 1048576K
}
Event: 530.813 GC heap after
{Heap after GC invocations=35 (full 3):
 garbage-first heap   total 61440K, used 29297K [0x0000000081e00000, 0x0000000100000000)
  region size 1024K, 2 young (2048K), 2 survivors (2048K)
 Metaspace       used 69990K, committed 70528K, reserved 1114112K
  class space    used 9560K, committed 9792K, reserved 1048576K
}
Event: 551.734 GC heap before
{Heap before GC invocations=35 (full 3):
 garbage-first heap   total 61440K, used 30321K [0x0000000081e00000, 0x0000000100000000)
  region size 1024K, 3 young (3072K), 2 survivors (2048K)
 Metaspace       used 69990K, committed 70528K, reserved 1114112K
  class space    used 9560K, committed 9792K, reserved 1048576K
}
Event: 551.736 GC heap after
{Heap after GC invocations=36 (full 3):
 garbage-first heap   total 61440K, used 29290K [0x0000000081e00000, 0x0000000100000000)
  region size 1024K, 1 young (1024K), 1 survivors (1024K)
 Metaspace       used 69990K, committed 70528K, reserved 1114112K
  class space    used 9560K, committed 9792K, reserved 1048576K
}
Event: 918.318 GC heap before
{Heap before GC invocations=36 (full 3):
 garbage-first heap   total 61440K, used 46698K [0x0000000081e00000, 0x0000000100000000)
  region size 1024K, 18 young (18432K), 1 survivors (1024K)
 Metaspace       used 70000K, committed 70528K, reserved 1114112K
  class space    used 9562K, committed 9792K, reserved 1048576K
}
Event: 918.319 GC heap after
{Heap after GC invocations=37 (full 3):
 garbage-first heap   total 61440K, used 29168K [0x0000000081e00000, 0x0000000100000000)
  region size 1024K, 1 young (1024K), 1 survivors (1024K)
 Metaspace       used 70000K, committed 70528K, reserved 1114112K
  class space    used 9562K, committed 9792K, reserved 1048576K
}
Event: 1170.259 GC heap before
{Heap before GC invocations=38 (full 3):
 garbage-first heap   total 61440K, used 41456K [0x0000000081e00000, 0x0000000100000000)
  region size 1024K, 14 young (14336K), 1 survivors (1024K)
 Metaspace       used 69980K, committed 70528K, reserved 1114112K
  class space    used 9559K, committed 9792K, reserved 1048576K
}
Event: 1170.298 GC heap after
{Heap after GC invocations=39 (full 4):
 garbage-first heap   total 61440K, used 20783K [0x0000000081e00000, 0x0000000100000000)
  region size 1024K, 0 young (0K), 0 survivors (0K)
 Metaspace       used 69971K, committed 70528K, reserved 1114112K
  class space    used 9557K, committed 9792K, reserved 1048576K
}
Event: 1170.776 GC heap before
{Heap before GC invocations=39 (full 4):
 garbage-first heap   total 61440K, used 47407K [0x0000000081e00000, 0x0000000100000000)
  region size 1024K, 26 young (26624K), 0 survivors (0K)
 Metaspace       used 70110K, committed 70656K, reserved 1114112K
  class space    used 9578K, committed 9856K, reserved 1048576K
}
Event: 1170.779 GC heap after
{Heap after GC invocations=40 (full 4):
 garbage-first heap   total 61440K, used 23341K [0x0000000081e00000, 0x0000000100000000)
  region size 1024K, 3 young (3072K), 3 survivors (3072K)
 Metaspace       used 70110K, committed 70656K, reserved 1114112K
  class space    used 9578K, committed 9856K, reserved 1048576K
}
Event: 1171.278 GC heap before
{Heap before GC invocations=40 (full 4):
 garbage-first heap   total 61440K, used 46893K [0x0000000081e00000, 0x0000000100000000)
  region size 1024K, 26 young (26624K), 3 survivors (3072K)
 Metaspace       used 70214K, committed 70784K, reserved 1114112K
  class space    used 9590K, committed 9856K, reserved 1048576K
}
Event: 1171.281 GC heap after
{Heap after GC invocations=41 (full 4):
 garbage-first heap   total 61440K, used 25663K [0x0000000081e00000, 0x0000000100000000)
  region size 1024K, 3 young (3072K), 3 survivors (3072K)
 Metaspace       used 70214K, committed 70784K, reserved 1114112K
  class space    used 9590K, committed 9856K, reserved 1048576K
}
Event: 1171.565 GC heap before
{Heap before GC invocations=41 (full 4):
 garbage-first heap   total 61440K, used 47167K [0x0000000081e00000, 0x0000000100000000)
  region size 1024K, 24 young (24576K), 3 survivors (3072K)
 Metaspace       used 70378K, committed 70912K, reserved 1114112K
  class space    used 9599K, committed 9856K, reserved 1048576K
}
Event: 1171.570 GC heap after
{Heap after GC invocations=42 (full 4):
 garbage-first heap   total 61440K, used 28739K [0x0000000081e00000, 0x0000000100000000)
  region size 1024K, 3 young (3072K), 3 survivors (3072K)
 Metaspace       used 70378K, committed 70912K, reserved 1114112K
  class space    used 9599K, committed 9856K, reserved 1048576K
}

Dll operation events (9 events):
Event: 0.007 Loaded shared library C:\Users\Palma\.p2\pool\plugins\org.eclipse.justj.openjdk.hotspot.jre.full.win32.x86_64_17.0.6.v20230204-1729\jre\bin\java.dll
Event: 0.168 Loaded shared library C:\Users\Palma\.p2\pool\plugins\org.eclipse.justj.openjdk.hotspot.jre.full.win32.x86_64_17.0.6.v20230204-1729\jre\bin\jimage.dll
Event: 0.180 Loaded shared library C:\Users\Palma\.p2\pool\plugins\org.eclipse.justj.openjdk.hotspot.jre.full.win32.x86_64_17.0.6.v20230204-1729\jre\bin\net.dll
Event: 0.182 Loaded shared library C:\Users\Palma\.p2\pool\plugins\org.eclipse.justj.openjdk.hotspot.jre.full.win32.x86_64_17.0.6.v20230204-1729\jre\bin\nio.dll
Event: 0.186 Loaded shared library C:\Users\Palma\.p2\pool\plugins\org.eclipse.justj.openjdk.hotspot.jre.full.win32.x86_64_17.0.6.v20230204-1729\jre\bin\zip.dll
Event: 0.234 Loaded shared library C:\Users\Palma\.p2\pool\plugins\org.eclipse.justj.openjdk.hotspot.jre.full.win32.x86_64_17.0.6.v20230204-1729\jre\bin\management.dll
Event: 0.247 Loaded shared library C:\Users\Palma\.p2\pool\plugins\org.eclipse.justj.openjdk.hotspot.jre.full.win32.x86_64_17.0.6.v20230204-1729\jre\bin\management_ext.dll
Event: 1.044 Loaded shared library C:\Users\Palma\.p2\pool\plugins\org.eclipse.justj.openjdk.hotspot.jre.full.win32.x86_64_17.0.6.v20230204-1729\jre\bin\verify.dll
Event: 2.405 Loaded shared library C:\Users\Palma\.p2\pool\plugins\org.eclipse.justj.openjdk.hotspot.jre.full.win32.x86_64_17.0.6.v20230204-1729\jre\bin\sunmscapi.dll

Deoptimization events (12 events):
Event: 1.093 Thread 0x0000017a4e75ef50 DEOPT PACKING pc=0x0000017a420cff99 sp=0x0000003fc0efc850
Event: 1.093 Thread 0x0000017a4e75ef50 DEOPT UNPACKING pc=0x0000017a41c27143 sp=0x0000003fc0efbd30 mode 3
Event: 2.019 Thread 0x0000017a4e75ef50 DEOPT PACKING pc=0x0000017a423b7619 sp=0x0000003fc0efd280
Event: 2.019 Thread 0x0000017a4e75ef50 DEOPT UNPACKING pc=0x0000017a41c27143 sp=0x0000003fc0efc760 mode 3
Event: 2.567 Thread 0x0000017a4e75ef50 DEOPT PACKING pc=0x0000017a4243c1fd sp=0x0000003fc0efba00
Event: 2.567 Thread 0x0000017a4e75ef50 DEOPT UNPACKING pc=0x0000017a41c27143 sp=0x0000003fc0efaf68 mode 3
Event: 4.314 Thread 0x0000017a4e75ef50 DEOPT PACKING pc=0x0000017a420f1514 sp=0x0000003fc0efc570
Event: 4.314 Thread 0x0000017a4e75ef50 DEOPT UNPACKING pc=0x0000017a41c27143 sp=0x0000003fc0efbac8 mode 0
Event: 4.675 Thread 0x0000017a4e75ef50 DEOPT PACKING pc=0x0000017a421c9bc2 sp=0x0000003fc0efd2f0
Event: 4.675 Thread 0x0000017a4e75ef50 DEOPT UNPACKING pc=0x0000017a41c27143 sp=0x0000003fc0efc7f8 mode 3
Event: 4.676 Thread 0x0000017a4e75ef50 DEOPT PACKING pc=0x0000017a421a69b5 sp=0x0000003fc0efd2b0
Event: 4.676 Thread 0x0000017a4e75ef50 DEOPT UNPACKING pc=0x0000017a41c27143 sp=0x0000003fc0efc7f8 mode 3

Classes unloaded (20 events):
Event: 375.204 Thread 0x0000017a4c2f1860 Unloading class 0x00000001000c1c00 'java/lang/invoke/LambdaForm$MH+0x00000001000c1c00'
Event: 375.204 Thread 0x0000017a4c2f1860 Unloading class 0x00000001000c1400 'java/lang/invoke/LambdaForm$MH+0x00000001000c1400'
Event: 375.204 Thread 0x0000017a4c2f1860 Unloading class 0x00000001000c0c00 'java/lang/invoke/LambdaForm$MH+0x00000001000c0c00'
Event: 376.004 Thread 0x0000017a4c2f1860 Unloading class 0x00000001003c4000 'jdk/internal/reflect/GeneratedSerializationConstructorAccessor19'
Event: 376.004 Thread 0x0000017a4c2f1860 Unloading class 0x0000000100153800 'jdk/internal/reflect/GeneratedSerializationConstructorAccessor9'
Event: 376.004 Thread 0x0000017a4c2f1860 Unloading class 0x000000010014d000 'jdk/internal/reflect/GeneratedSerializationConstructorAccessor7'
Event: 376.004 Thread 0x0000017a4c2f1860 Unloading class 0x000000010014c800 'jdk/internal/reflect/GeneratedSerializationConstructorAccessor5'
Event: 390.911 Thread 0x0000017a4c2f1860 Unloading class 0x000000010052c800 'org/apache/catalina/loader/JdbcLeakPrevention'
Event: 918.348 Thread 0x0000017a4c2f1860 Unloading class 0x00000001009a8c00 'jdk/internal/reflect/GeneratedSerializationConstructorAccessor20'
Event: 918.348 Thread 0x0000017a4c2f1860 Unloading class 0x0000000100159800 'jdk/internal/reflect/GeneratedConstructorAccessor51'
Event: 918.348 Thread 0x0000017a4c2f1860 Unloading class 0x0000000100290000 'jdk/internal/reflect/GeneratedConstructorAccessor49'
Event: 918.348 Thread 0x0000017a4c2f1860 Unloading class 0x0000000100153800 'org/apache/catalina/loader/JdbcLeakPrevention'
Event: 918.348 Thread 0x0000017a4c2f1860 Unloading class 0x0000000100479c00 'jdk/internal/reflect/GeneratedConstructorAccessor39'
Event: 918.348 Thread 0x0000017a4c2f1860 Unloading class 0x00000001004cd000 'jdk/internal/reflect/GeneratedConstructorAccessor38'
Event: 918.348 Thread 0x0000017a4c2f1860 Unloading class 0x000000010052c400 'jdk/internal/reflect/GeneratedConstructorAccessor37'
Event: 918.348 Thread 0x0000017a4c2f1860 Unloading class 0x0000000100531000 'jdk/internal/reflect/GeneratedConstructorAccessor36'
Event: 918.348 Thread 0x0000017a4c2f1860 Unloading class 0x00000001005b8000 'jdk/internal/reflect/GeneratedConstructorAccessor35'
Event: 1170.271 Thread 0x0000017a4c2f1860 Unloading class 0x00000001009a9800 'jdk/internal/reflect/GeneratedSerializationConstructorAccessor23'
Event: 1170.271 Thread 0x0000017a4c2f1860 Unloading class 0x00000001009a9400 'jdk/internal/reflect/GeneratedSerializationConstructorAccessor22'
Event: 1170.271 Thread 0x0000017a4c2f1860 Unloading class 0x00000001009a9000 'jdk/internal/reflect/GeneratedSerializationConstructorAccessor21'

Classes redefined (0 events):
No events

Internal exceptions (20 events):
Event: 391.620 Thread 0x0000017a5130c560 Exception <a 'java/lang/reflect/InvocationTargetException'{0x000000008502bea8}> (0x000000008502bea8) 
thrown [s\src\hotspot\share\runtime\reflection.cpp, line 1121]
Event: 391.636 Thread 0x0000017a5130c560 Exception <a 'java/lang/reflect/InvocationTargetException'{0x0000000084e11450}> (0x0000000084e11450) 
thrown [s\src\hotspot\share\runtime\reflection.cpp, line 1121]
Event: 600.541 Thread 0x0000017a4d5fa540 Exception <a 'java/lang/NoSuchMethodError'{0x0000000085698e40}: static [B.<clinit>()V> (0x0000000085698e40) 
thrown [s\src\hotspot\share\prims\jni.cpp, line 1107]
Event: 1170.254 Thread 0x0000017a51309070 Exception <a 'java/lang/InterruptedException'{0x0000000084d78778}: sleep interrupted> (0x0000000084d78778) 
thrown [s\src\hotspot\share\prims\jvm.cpp, line 3070]
Event: 1170.340 Thread 0x0000017a51309540 Exception <a 'sun/nio/fs/WindowsException'{0x0000000089dc9328}> (0x0000000089dc9328) 
thrown [s\src\hotspot\share\prims\jni.cpp, line 516]
Event: 1170.791 Thread 0x0000017a51309540 Exception <a 'java/lang/NoClassDefFoundError'{0x0000000089dd99c8}: org/flywaydb/core/Flyway> (0x0000000089dd99c8) 
thrown [s\src\hotspot\share\oops\constantPool.cpp, line 835]
Event: 1170.791 Thread 0x0000017a51309540 Exception <a 'java/lang/NoClassDefFoundError'{0x0000000089dda018}: liquibase/integration/spring/SpringLiquibase> (0x0000000089dda018) 
thrown [s\src\hotspot\share\oops\constantPool.cpp, line 835]
Event: 1170.798 Thread 0x0000017a51309540 Exception <a 'java/lang/NoClassDefFoundError'{0x0000000089850f80}: org/jooq/DSLContext> (0x0000000089850f80) 
thrown [s\src\hotspot\share\oops\constantPool.cpp, line 835]
Event: 1170.799 Thread 0x0000017a51309540 Exception <a 'java/lang/NoClassDefFoundError'{0x0000000089860648}: org/springframework/batch/core/repository/JobRepository> (0x0000000089860648) 
thrown [s\src\hotspot\share\oops\constantPool.cpp, line 835]
Event: 1170.799 Thread 0x0000017a51309540 Exception <a 'java/lang/NoClassDefFoundError'{0x0000000089860c90}: org/quartz/Scheduler> (0x0000000089860c90) 
thrown [s\src\hotspot\share\oops\constantPool.cpp, line 835]
Event: 1170.799 Thread 0x0000017a51309540 Exception <a 'java/lang/NoClassDefFoundError'{0x0000000089861300}: org/springframework/session/jdbc/JdbcIndexedSessionRepository> (0x0000000089861300) 
thrown [s\src\hotspot\share\oops\constantPool.cpp, line 835]
Event: 1170.859 Thread 0x0000017a51309540 Exception <a 'sun/nio/fs/WindowsException'{0x00000000852c3590}> (0x00000000852c3590) 
thrown [s\src\hotspot\share\prims\jni.cpp, line 516]
Event: 1170.859 Thread 0x0000017a51309540 Exception <a 'sun/nio/fs/WindowsException'{0x00000000852c3bf8}> (0x00000000852c3bf8) 
thrown [s\src\hotspot\share\prims\jni.cpp, line 516]
Event: 1170.859 Thread 0x0000017a51309540 Exception <a 'sun/nio/fs/WindowsException'{0x00000000852c42d0}> (0x00000000852c42d0) 
thrown [s\src\hotspot\share\prims\jni.cpp, line 516]
Event: 1170.871 Thread 0x0000017a51309540 Exception <a 'java/io/FileNotFoundException'{0x00000000852faec0}> (0x00000000852faec0) 
thrown [s\src\hotspot\share\prims\jni.cpp, line 516]
Event: 1170.896 Thread 0x0000017a51309540 Exception <a 'java/io/FileNotFoundException'{0x000000008507c8b0}> (0x000000008507c8b0) 
thrown [s\src\hotspot\share\prims\jni.cpp, line 516]
Event: 1171.326 Thread 0x0000017a51309540 Exception <a 'java/lang/reflect/InvocationTargetException'{0x00000000856c8238}> (0x00000000856c8238) 
thrown [s\src\hotspot\share\runtime\reflection.cpp, line 1121]
Event: 1171.347 Thread 0x0000017a51309540 Exception <a 'java/lang/reflect/InvocationTargetException'{0x00000000854ce4e8}> (0x00000000854ce4e8) 
thrown [s\src\hotspot\share\runtime\reflection.cpp, line 1121]
Event: 1200.542 Thread 0x0000017a4d5fa540 Exception <a 'java/lang/NoSuchMethodError'{0x000000008536cc58}: static [B.<clinit>()V> (0x000000008536cc58) 
thrown [s\src\hotspot\share\prims\jni.cpp, line 1107]
Event: 1233.512 Thread 0x0000017a513103f0 Exception <a 'java/lang/InterruptedException'{0x000000008516c480}: sleep interrupted> (0x000000008516c480) 
thrown [s\src\hotspot\share\prims\jvm.cpp, line 3070]

VM Operations (20 events):
Event: 671.695 Executing VM operation: Cleanup done
Event: 918.318 Executing VM operation: G1CollectForAllocation
Event: 918.319 Executing VM operation: G1CollectForAllocation done
Event: 918.347 Executing VM operation: G1Concurrent
Event: 918.354 Executing VM operation: G1Concurrent done
Event: 918.363 Executing VM operation: G1Concurrent
Event: 918.363 Executing VM operation: G1Concurrent done
Event: 1170.259 Executing VM operation: G1CollectFull
Event: 1170.318 Executing VM operation: G1CollectFull done
Event: 1170.776 Executing VM operation: G1CollectForAllocation
Event: 1170.779 Executing VM operation: G1CollectForAllocation done
Event: 1171.278 Executing VM operation: G1CollectForAllocation
Event: 1171.282 Executing VM operation: G1CollectForAllocation done
Event: 1171.565 Executing VM operation: G1CollectForAllocation
Event: 1171.570 Executing VM operation: G1CollectForAllocation done
Event: 1172.575 Executing VM operation: Cleanup
Event: 1172.575 Executing VM operation: Cleanup done
Event: 1200.833 Executing VM operation: Cleanup
Event: 1200.833 Executing VM operation: Cleanup done
Event: 1233.516 Executing VM operation: G1CollectFull

Events (20 events):
Event: 1233.495 Thread 0x0000017a5130e710 Thread added: 0x0000017a5130e710
Event: 1233.495 Thread 0x0000017a5130f0b0 Thread exited: 0x0000017a5130f0b0
Event: 1233.508 Thread 0x0000017a5130a3b0 Thread exited: 0x0000017a5130a3b0
Event: 1233.511 Thread 0x0000017a51309ee0 Thread exited: 0x0000017a51309ee0
Event: 1233.511 Thread 0x0000017a5130d8a0 Thread exited: 0x0000017a5130d8a0
Event: 1233.511 Thread 0x0000017a5130ca30 Thread exited: 0x0000017a5130ca30
Event: 1233.511 Thread 0x0000017a5130f580 Thread exited: 0x0000017a5130f580
Event: 1233.511 Thread 0x0000017a51309070 Thread exited: 0x0000017a51309070
Event: 1233.511 Thread 0x0000017a51309a10 Thread exited: 0x0000017a51309a10
Event: 1233.511 Thread 0x0000017a513108c0 Thread exited: 0x0000017a513108c0
Event: 1233.511 Thread 0x0000017a5130fa50 Thread exited: 0x0000017a5130fa50
Event: 1233.511 Thread 0x0000017a5130e240 Thread exited: 0x0000017a5130e240
Event: 1233.511 Thread 0x0000017a5130ff20 Thread exited: 0x0000017a5130ff20
Event: 1233.511 Thread 0x0000017a5130d3d0 Thread exited: 0x0000017a5130d3d0
Event: 1233.512 Thread 0x0000017a513103f0 Thread exited: 0x0000017a513103f0
Event: 1233.512 Thread 0x0000017a5130ebe0 Thread exited: 0x0000017a5130ebe0
Event: 1233.512 Thread 0x0000017a5130dd70 Thread exited: 0x0000017a5130dd70
Event: 1233.514 Thread 0x0000017a51309070 Thread added: 0x0000017a51309070
Event: 1233.514 Thread 0x0000017a5130a880 Thread exited: 0x0000017a5130a880
Event: 1233.515 Thread 0x0000017a51309070 Thread exited: 0x0000017a51309070


Dynamic libraries:
0x00007ff6ef290000 - 0x00007ff6ef29e000 	C:\Users\Palma\.p2\pool\plugins\org.eclipse.justj.openjdk.hotspot.jre.full.win32.x86_64_17.0.6.v20230204-1729\jre\bin\javaw.exe
0x00007ffba2e30000 - 0x00007ffba3028000 	C:\WINDOWS\SYSTEM32\ntdll.dll
0x00007ffba1b10000 - 0x00007ffba1bcf000 	C:\WINDOWS\System32\KERNEL32.DLL
0x00007ffba07b0000 - 0x00007ffba0a8a000 	C:\WINDOWS\System32\KERNELBASE.dll
0x00007ffba0610000 - 0x00007ffba0710000 	C:\WINDOWS\System32\ucrtbase.dll
0x00007ffb8af50000 - 0x00007ffb8af67000 	C:\Users\Palma\.p2\pool\plugins\org.eclipse.justj.openjdk.hotspot.jre.full.win32.x86_64_17.0.6.v20230204-1729\jre\bin\jli.dll
0x00007ffb8b1c0000 - 0x00007ffb8b1d9000 	C:\Users\Palma\.p2\pool\plugins\org.eclipse.justj.openjdk.hotspot.jre.full.win32.x86_64_17.0.6.v20230204-1729\jre\bin\VCRUNTIME140.dll
0x00007ffba1550000 - 0x00007ffba16ed000 	C:\WINDOWS\System32\USER32.dll
0x00007ffb8d340000 - 0x00007ffb8d5da000 	C:\WINDOWS\WinSxS\amd64_microsoft.windows.common-controls_6595b64144ccf1df_6.0.19041.1110_none_60b5254171f9507e\COMCTL32.dll
0x00007ffba0540000 - 0x00007ffba0562000 	C:\WINDOWS\System32\win32u.dll
0x00007ffba1070000 - 0x00007ffba110e000 	C:\WINDOWS\System32\msvcrt.dll
0x00007ffba2310000 - 0x00007ffba233b000 	C:\WINDOWS\System32\GDI32.dll
0x00007ffba0d80000 - 0x00007ffba0e90000 	C:\WINDOWS\System32\gdi32full.dll
0x00007ffba0570000 - 0x00007ffba060d000 	C:\WINDOWS\System32\msvcp_win.dll
0x00007ffba0fc0000 - 0x00007ffba0ff0000 	C:\WINDOWS\System32\IMM32.DLL
0x00007ffb8d9d0000 - 0x00007ffb8d9dc000 	C:\Users\Palma\.p2\pool\plugins\org.eclipse.justj.openjdk.hotspot.jre.full.win32.x86_64_17.0.6.v20230204-1729\jre\bin\vcruntime140_1.dll
0x00007ffb6dfe0000 - 0x00007ffb6e071000 	C:\Users\Palma\.p2\pool\plugins\org.eclipse.justj.openjdk.hotspot.jre.full.win32.x86_64_17.0.6.v20230204-1729\jre\bin\msvcp140.dll
0x00007ffb3e6e0000 - 0x00007ffb3f327000 	C:\Users\Palma\.p2\pool\plugins\org.eclipse.justj.openjdk.hotspot.jre.full.win32.x86_64_17.0.6.v20230204-1729\jre\bin\server\jvm.dll
0x00007ffba14a0000 - 0x00007ffba154e000 	C:\WINDOWS\System32\ADVAPI32.dll
0x00007ffba2600000 - 0x00007ffba269c000 	C:\WINDOWS\System32\sechost.dll
0x00007ffba1220000 - 0x00007ffba1346000 	C:\WINDOWS\System32\RPCRT4.dll
0x00007ffb9d9b0000 - 0x00007ffb9d9d7000 	C:\WINDOWS\SYSTEM32\WINMM.dll
0x00007ffb87440000 - 0x00007ffb87449000 	C:\WINDOWS\SYSTEM32\WSOCK32.dll
0x00007ffba2240000 - 0x00007ffba22ab000 	C:\WINDOWS\System32\WS2_32.dll
0x00007ffb96340000 - 0x00007ffb9634a000 	C:\WINDOWS\SYSTEM32\VERSION.dll
0x00007ffb9ed90000 - 0x00007ffb9eda2000 	C:\WINDOWS\SYSTEM32\kernel.appcore.dll
0x00007ffb9bc00000 - 0x00007ffb9bc0a000 	C:\Users\Palma\.p2\pool\plugins\org.eclipse.justj.openjdk.hotspot.jre.full.win32.x86_64_17.0.6.v20230204-1729\jre\bin\jimage.dll
0x00007ffb9e2f0000 - 0x00007ffb9e4d4000 	C:\WINDOWS\SYSTEM32\DBGHELP.DLL
0x00007ffb85150000 - 0x00007ffb85184000 	C:\WINDOWS\SYSTEM32\dbgcore.DLL
0x00007ffba0ca0000 - 0x00007ffba0d22000 	C:\WINDOWS\System32\bcryptPrimitives.dll
0x00007ffb8acd0000 - 0x00007ffb8acf5000 	C:\Users\Palma\.p2\pool\plugins\org.eclipse.justj.openjdk.hotspot.jre.full.win32.x86_64_17.0.6.v20230204-1729\jre\bin\java.dll
0x00007ffb8af10000 - 0x00007ffb8af28000 	C:\Users\Palma\.p2\pool\plugins\org.eclipse.justj.openjdk.hotspot.jre.full.win32.x86_64_17.0.6.v20230204-1729\jre\bin\zip.dll
0x00007ffba26a0000 - 0x00007ffba2de4000 	C:\WINDOWS\System32\SHELL32.dll
0x00007ffb9e5e0000 - 0x00007ffb9ed73000 	C:\WINDOWS\SYSTEM32\windows.storage.dll
0x00007ffba17a0000 - 0x00007ffba1af4000 	C:\WINDOWS\System32\combase.dll
0x00007ffb9fec0000 - 0x00007ffb9feee000 	C:\WINDOWS\SYSTEM32\Wldp.dll
0x00007ffba1110000 - 0x00007ffba11bd000 	C:\WINDOWS\System32\SHCORE.dll
0x00007ffba22b0000 - 0x00007ffba2305000 	C:\WINDOWS\System32\shlwapi.dll
0x00007ffba0480000 - 0x00007ffba049f000 	C:\WINDOWS\SYSTEM32\profapi.dll
0x00007ffb89c70000 - 0x00007ffb89c89000 	C:\Users\Palma\.p2\pool\plugins\org.eclipse.justj.openjdk.hotspot.jre.full.win32.x86_64_17.0.6.v20230204-1729\jre\bin\net.dll
0x00007ffb96170000 - 0x00007ffb9627a000 	C:\WINDOWS\SYSTEM32\WINHTTP.dll
0x00007ffb9fc20000 - 0x00007ffb9fc8a000 	C:\WINDOWS\system32\mswsock.dll
0x00007ffb89c50000 - 0x00007ffb89c65000 	C:\Users\Palma\.p2\pool\plugins\org.eclipse.justj.openjdk.hotspot.jre.full.win32.x86_64_17.0.6.v20230204-1729\jre\bin\nio.dll
0x00007ffb8cda0000 - 0x00007ffb8cda9000 	C:\Users\Palma\.p2\pool\plugins\org.eclipse.justj.openjdk.hotspot.jre.full.win32.x86_64_17.0.6.v20230204-1729\jre\bin\management.dll
0x00007ffb8cd50000 - 0x00007ffb8cd5b000 	C:\Users\Palma\.p2\pool\plugins\org.eclipse.justj.openjdk.hotspot.jre.full.win32.x86_64_17.0.6.v20230204-1729\jre\bin\management_ext.dll
0x00007ffba1b00000 - 0x00007ffba1b08000 	C:\WINDOWS\System32\PSAPI.DLL
0x00007ffb5dc90000 - 0x00007ffb5dca7000 	C:\WINDOWS\system32\napinsp.dll
0x00007ffb5dc70000 - 0x00007ffb5dc8b000 	C:\WINDOWS\system32\pnrpnsp.dll
0x00007ffb9b070000 - 0x00007ffb9b085000 	C:\WINDOWS\system32\wshbth.dll
0x00007ffb9bb70000 - 0x00007ffb9bb8d000 	C:\WINDOWS\system32\NLAapi.dll
0x00007ffb9f910000 - 0x00007ffb9f94c000 	C:\WINDOWS\SYSTEM32\IPHLPAPI.DLL
0x00007ffb9f950000 - 0x00007ffb9fa1b000 	C:\WINDOWS\SYSTEM32\DNSAPI.dll
0x00007ffba1780000 - 0x00007ffba1788000 	C:\WINDOWS\System32\NSI.dll
0x00007ffb5dad0000 - 0x00007ffb5dae2000 	C:\WINDOWS\System32\winrnr.dll
0x00007ffb97650000 - 0x00007ffb9765a000 	C:\Windows\System32\rasadhlp.dll
0x00007ffb8a950000 - 0x00007ffb8a9d0000 	C:\WINDOWS\System32\fwpuclnt.dll
0x00007ffba0780000 - 0x00007ffba07a7000 	C:\WINDOWS\System32\bcrypt.dll
0x00007ffb9fe10000 - 0x00007ffb9fe28000 	C:\WINDOWS\SYSTEM32\CRYPTSP.dll
0x00007ffb9f540000 - 0x00007ffb9f574000 	C:\WINDOWS\system32\rsaenh.dll
0x00007ffba0440000 - 0x00007ffba046e000 	C:\WINDOWS\SYSTEM32\USERENV.dll
0x00007ffb9fe30000 - 0x00007ffb9fe3c000 	C:\WINDOWS\SYSTEM32\CRYPTBASE.dll
0x00007ffb94a80000 - 0x00007ffb94a97000 	C:\WINDOWS\SYSTEM32\dhcpcsvc6.DLL
0x00007ffb94c30000 - 0x00007ffb94c4d000 	C:\WINDOWS\SYSTEM32\dhcpcsvc.DLL
0x00007ffb94520000 - 0x00007ffb94530000 	C:\Users\Palma\.p2\pool\plugins\org.eclipse.justj.openjdk.hotspot.jre.full.win32.x86_64_17.0.6.v20230204-1729\jre\bin\verify.dll
0x00007ffb94380000 - 0x00007ffb9438e000 	C:\Users\Palma\.p2\pool\plugins\org.eclipse.justj.openjdk.hotspot.jre.full.win32.x86_64_17.0.6.v20230204-1729\jre\bin\sunmscapi.dll
0x00007ffba0a90000 - 0x00007ffba0be6000 	C:\WINDOWS\System32\CRYPT32.dll
0x00007ffb9ff30000 - 0x00007ffb9ff58000 	C:\WINDOWS\SYSTEM32\ncrypt.dll
0x00007ffb9fef0000 - 0x00007ffb9ff2b000 	C:\WINDOWS\SYSTEM32\NTASN1.dll
0x00007ffb8b170000 - 0x00007ffb8b177000 	C:\WINDOWS\system32\wshunix.dll

dbghelp: loaded successfully - version: 4.0.5 - missing functions: none
symbol engine: initialized successfully - sym options: 0x614 - pdb path: .;C:\Users\Palma\.p2\pool\plugins\org.eclipse.justj.openjdk.hotspot.jre.full.win32.x86_64_17.0.6.v20230204-1729\jre\bin;C:\WINDOWS\SYSTEM32;C:\WINDOWS\WinSxS\amd64_microsoft.windows.common-controls_6595b64144ccf1df_6.0.19041.1110_none_60b5254171f9507e;C:\Users\Palma\.p2\pool\plugins\org.eclipse.justj.openjdk.hotspot.jre.full.win32.x86_64_17.0.6.v20230204-1729\jre\bin\server

VM Arguments:
jvm_args: -Dcom.sun.management.jmxremote -Dcom.sun.management.jmxremote.port=64216 -Dcom.sun.management.jmxremote.authenticate=false -Dcom.sun.management.jmxremote.ssl=false -Djava.rmi.server.hostname=localhost -Dspring.jmx.enabled=true -Dmanagement.endpoints.jmx.exposure.include=* -Dspring.application.admin.enabled=true -XX:TieredStopAtLevel=1 -Dspring.boot.project.name=gestioneprenotazioni -Dfile.encoding=UTF-8 -XX:+ShowCodeDetailsInExceptionMessages 
java_command: com.palma.gestioneprenotazioni.GestioneprenotazioniApplication --spring.output.ansi.enabled=always
java_class_path (initial): C:\Users\Palma\Desktop\EPICODE\JAVA-BE\gestioneprenotazioni\target\classes;C:\Users\Palma\.m2\repository\org\springframework\boot\spring-boot-starter-data-jdbc\3.0.5\spring-boot-starter-data-jdbc-3.0.5.jar;C:\Users\Palma\.m2\repository\org\springframework\boot\spring-boot-starter-jdbc\3.0.5\spring-boot-starter-jdbc-3.0.5.jar;C:\Users\Palma\.m2\repository\com\zaxxer\HikariCP\5.0.1\HikariCP-5.0.1.jar;C:\Users\Palma\.m2\repository\org\springframework\spring-jdbc\6.0.7\spring-jdbc-6.0.7.jar;C:\Users\Palma\.m2\repository\org\springframework\data\spring-data-jdbc\3.0.4\spring-data-jdbc-3.0.4.jar;C:\Users\Palma\.m2\repository\org\springframework\data\spring-data-relational\3.0.4\spring-data-relational-3.0.4.jar;C:\Users\Palma\.m2\repository\org\springframework\data\spring-data-commons\3.0.4\spring-data-commons-3.0.4.jar;C:\Users\Palma\.m2\repository\org\springframework\spring-tx\6.0.7\spring-tx-6.0.7.jar;C:\Users\Palma\.m2\repository\org\springframework\spring-context\6.0.7\spring-context-6.0.7.jar;C:\Users\Palma\.m2\repository\org\springframework\spring-beans\6.0.7\spring-beans-6.0.7.jar;C:\Users\Palma\.m2\repository\org\slf4j\slf4j-api\2.0.7\slf4j-api-2.0.7.jar;C:\Users\Palma\.m2\repository\org\springframework\boot\spring-boot-starter-data-jpa\3.0.5\spring-boot-starter-data-jpa-3.0.5.jar;C:\Users\Palma\.m2\repository\org\springframework\boot\spring-boot-starter-aop\3.0.5\spring-boot-starter-aop-3.0.5.jar;C:\Users\Palma\.m2\repository\org\springframework\spring-aop\6.0.7\spring-aop-6.0.7.jar;C:\Users\Palma\.m2\repository\org\aspectj\aspectjweaver\1.9.19\aspectjweaver-1.9.19.jar;C:\Users\Palma\.m2\repository\org\hibernate\orm\hibernate-core\6.1.7.Final\hibernate-core-6.1.7.Final.jar;C:\Users\Palma\.m2\repository\jakarta\persistence\jakarta.persistence-api\3.1.0\jakarta.persistence-api-3.1.0.jar;C:\Users\Palma\.m2\repository\jakarta\transaction\jakarta.transaction-api\2.0.1\jakarta.transaction-api-2.0.1.jar;C:\Users\Palma\.m2\repository\org\jbos
Launcher Type: SUN_STANDARD

[Global flags]
     intx CICompilerCount                          = 4                                         {product} {ergonomic}
     uint ConcGCThreads                            = 2                                         {product} {ergonomic}
     uint G1ConcRefinementThreads                  = 8                                         {product} {ergonomic}
   size_t G1HeapRegionSize                         = 1048576                                   {product} {ergonomic}
    uintx GCDrainStackTargetSize                   = 64                                        {product} {ergonomic}
   size_t InitialHeapSize                          = 134217728                                 {product} {ergonomic}
     bool ManagementServer                         = true                                      {product} {command line}
   size_t MarkStackSize                            = 4194304                                   {product} {ergonomic}
   size_t MaxHeapSize                              = 2116026368                                {product} {ergonomic}
   size_t MaxNewSize                               = 1268776960                                {product} {ergonomic}
   size_t MinHeapDeltaBytes                        = 1048576                                   {product} {ergonomic}
   size_t MinHeapSize                              = 8388608                                   {product} {ergonomic}
    uintx NonProfiledCodeHeapSize                  = 0                                      {pd product} {ergonomic}
     bool ProfileInterpreter                       = false                                  {pd product} {command line}
    uintx ProfiledCodeHeapSize                     = 0                                      {pd product} {ergonomic}
     bool ShowCodeDetailsInExceptionMessages       = true                                   {manageable} {command line}
   size_t SoftMaxHeapSize                          = 2116026368                             {manageable} {ergonomic}
     intx TieredStopAtLevel                        = 1                                         {product} {command line}
     bool UseCompressedClassPointers               = true                           {product lp64_product} {ergonomic}
     bool UseCompressedOops                        = true                           {product lp64_product} {ergonomic}
     bool UseG1GC                                  = true                                      {product} {ergonomic}
     bool UseLargePagesIndividualAllocation        = false                                  {pd product} {ergonomic}

Logging:
Log output configuration:
 #0: stdout all=warning uptime,level,tags
 #1: stderr all=off uptime,level,tags

Environment Variables:
JAVA_HOME=C:\Program Files\JAVA\jdk-17
PATH=C:/Users/Palma/.p2/pool/plugins/org.eclipse.justj.openjdk.hotspot.jre.full.win32.x86_64_17.0.6.v20230204-1729/jre/bin/server;C:/Users/Palma/.p2/pool/plugins/org.eclipse.justj.openjdk.hotspot.jre.full.win32.x86_64_17.0.6.v20230204-1729/jre/bin;C:\Program Files\Common Files\Oracle\Java\javapath;C:\Program Files (x86)\Intel\iCLS Client\;C:\Program Files\Intel\iCLS Client\;C:\Windows\system32;C:\Windows;C:\Windows\System32\Wbem;C:\Windows\System32\WindowsPowerShell\v1.0\;C:\Windows\System32\OpenSSH\;C:\Program Files (x86)\Intel\Intel(R) Management Engine Components\DAL;C:\Program Files\Intel\Intel(R) Management Engine Components\DAL;C:\Program Files (x86)\Intel\Intel(R) Management Engine Components\IPT;C:\Program Files\Intel\Intel(R) Management Engine Components\IPT;C:\Program Files (x86)\NVIDIA Corporation\PhysX\Common;C:\Program Files\Intel\WiFi\bin\;C:\Program Files\Common Files\Intel\WirelessCommon\;C:\WINDOWS\system32;C:\WINDOWS;C:\WINDOWS\System32\Wbem;C:\WINDOWS\System32\WindowsPowerShell\v1.0\;C:\WINDOWS\System32\OpenSSH\;C:\Program Files\Git\cmd;C:\Program Files\nodejs\;C:\Users\Palma\AppData\Local\Microsoft\WindowsApps;C:\Users\Palma\Desktop\Microsoft VS Code\bin;C:\Users\Palma\AppData\Local\GitHubDesktop\bin;C:\Users\Palma\AppData\Roaming\npm;C:\Users\Palma\Desktop;
USERNAME=Palma
OS=Windows_NT
PROCESSOR_IDENTIFIER=Intel64 Family 6 Model 142 Stepping 10, GenuineIntel
TMP=C:\Users\Palma\AppData\Local\Temp
TEMP=C:\Users\Palma\AppData\Local\Temp



---------------  S Y S T E M  ---------------

OS:
 Windows 10 , 64 bit Build 19041 (10.0.19041.2788)
OS uptime: 0 days 22:20 hours

CPU: total 8 (initial active 8) (4 cores per cpu, 2 threads per core) family 6 model 142 stepping 10 microcode 0xb4, cx8, cmov, fxsr, ht, mmx, 3dnowpref, sse, sse2, sse3, ssse3, sse4.1, sse4.2, popcnt, lzcnt, tsc, tscinvbit, avx, avx2, aes, erms, clmul, bmi1, bmi2, adx, fma, vzeroupper, clflush, clflushopt

Memory: 4k page, system-wide physical 8071M (1049M free)
TotalPageFile size 16622M (AvailPageFile size 46M)
current process WorkingSet (physical memory assigned to process): 211M, peak: 211M
current process commit charge ("private bytes"): 257M, peak: 259M

vm_info: OpenJDK 64-Bit Server VM (17.0.6+10) for windows-amd64 JRE (17.0.6+10), built on Jan 18 2023 10:08:59 by "temurin" with MS VC++ 16.7 (VS2019)

END.
